\BOOKMARK [0][-]{section*.2}{List of Abbreviations}{}% 1
\BOOKMARK [0][-]{chapter.1}{Introduction}{}% 2
\BOOKMARK [1][-]{section.1.1}{Problem formulation}{chapter.1}% 3
\BOOKMARK [1][-]{section.1.2}{Related work}{chapter.1}% 4
\BOOKMARK [1][-]{section.1.3}{Research Objectives}{chapter.1}% 5
\BOOKMARK [1][-]{section.1.4}{Thesis Organization}{chapter.1}% 6
\BOOKMARK [0][-]{chapter.2}{Preliminary Concepts of Signal Processing and Deep Learning}{}% 7
\BOOKMARK [1][-]{section.2.1}{Digital Signal Processing}{chapter.2}% 8
\BOOKMARK [2][-]{subsection.2.1.1}{Classification of Signals}{section.2.1}% 9
\BOOKMARK [2][-]{subsection.2.1.2}{From Analog to Digital}{section.2.1}% 10
\BOOKMARK [2][-]{subsection.2.1.3}{About Sinusoids}{section.2.1}% 11
\BOOKMARK [2][-]{subsection.2.1.4}{Classification of Discrete-Time Signals}{section.2.1}% 12
\BOOKMARK [2][-]{subsection.2.1.5}{Spectral Analysis of Signals}{section.2.1}% 13
\BOOKMARK [2][-]{subsection.2.1.6}{Discrete-time Systems}{section.2.1}% 14
\BOOKMARK [1][-]{section.2.2}{Deep Learning}{chapter.2}% 15
\BOOKMARK [2][-]{subsection.2.2.1}{The Learning Process}{section.2.2}% 16
\BOOKMARK [2][-]{subsection.2.2.2}{Convolutional Neural Networks}{section.2.2}% 17
\BOOKMARK [2][-]{subsection.2.2.3}{Recurrent Neural Networks}{section.2.2}% 18
\BOOKMARK [0][-]{chapter.3}{Methods for Artificial Bandwidth Extension}{}% 19
\BOOKMARK [1][-]{section.3.1}{TFNet}{chapter.3}% 20
\BOOKMARK [2][-]{subsection.3.1.1}{AudioUNet}{section.3.1}% 21
\BOOKMARK [2][-]{subsection.3.1.2}{Spectral Replicator}{section.3.1}% 22
\BOOKMARK [2][-]{subsection.3.1.3}{Spectral Fusion Layer}{section.3.1}% 23
\BOOKMARK [1][-]{section.3.2}{TFiLM}{chapter.3}% 24
\BOOKMARK [2][-]{subsection.3.2.1}{Dilated Convolution}{section.3.2}% 25
\BOOKMARK [2][-]{subsection.3.2.2}{Feature-Wise Linear Modulation}{section.3.2}% 26
\BOOKMARK [1][-]{section.3.3}{Proposed Model Architecture}{chapter.3}% 27
\BOOKMARK [1][-]{section.3.4}{Implementation details}{chapter.3}% 28
\BOOKMARK [0][-]{chapter.4}{Experimental Results}{}% 29
\BOOKMARK [1][-]{section.4.1}{Experimental Setup}{chapter.4}% 30
\BOOKMARK [2][-]{subsection.4.1.1}{Dataset and preparation}{section.4.1}% 31
\BOOKMARK [2][-]{subsection.4.1.2}{Training Details}{section.4.1}% 32
\BOOKMARK [2][-]{subsection.4.1.3}{Evaluation Methods}{section.4.1}% 33
\BOOKMARK [1][-]{section.4.2}{Results}{chapter.4}% 34
\BOOKMARK [0][-]{chapter.5}{Conclusions and Further Work}{}% 35
